{"C:\\2025\\COS301\\Capstone_Code\\AI-Powered-African-Wildlife-Detection\\components\\ui\\TabBarBackground.tsx": {"path":"C:\\2025\\COS301\\Capstone_Code\\AI-Powered-African-Wildlife-Detection\\components\\ui\\TabBarBackground.tsx","statementMap":{"0":{"start":{"line":5,"column":2},"end":{"line":5,"column":11}}},"fnMap":{"0":{"name":"useBottomTabOverflow","decl":{"start":{"line":4,"column":16},"end":{"line":4,"column":36}},"loc":{"start":{"line":4,"column":39},"end":{"line":6,"column":1}},"line":4}},"branchMap":{},"s":{"0":0},"f":{"0":0},"b":{}}
}
